<?xml version="1.0" encoding="UTF-8"?>
<!-- Generated by org.testng.reporters.JUnitXMLReporter -->
<testsuite ignored="5" hostname="LAPTOP-9H1UAGN3" failures="0" tests="24" name="Test" time="0.252" errors="0" timestamp="2021-01-14T15:27:15 IST">
  <testcase classname="testng.Annotations_sample" name="testC" time="0.01"/>
  <testcase classname="testng.Sample2_Batch_Execution" name="testA" time="0.003"/>
  <testcase classname="testng.InvocationCount" name="createUser" time="0.005"/>
  <testcase classname="testng.InvocationCount" name="createUser" time="0.003"/>
  <testcase classname="testng.InvocationCount" name="createUser" time="0.006"/>
  <testcase classname="testng.InvocationCount" name="createUser" time="0.003"/>
  <testcase classname="testng.InvocationCount" name="createUser" time="0.003"/>
  <testcase classname="testng.Annotations" name="testA" time="0.002"/>
  <testcase classname="testng.Annotations" name="testB" time="0.002"/>
  <testcase classname="testng.SkipExecution" name="testA" time="0.001"/>
  <testcase classname="testng.SkipExecution" name="testC" time="0.001"/>
  <testcase classname="testng.Demo1" name="testA" time="0.003"/>
  <testcase classname="testng.Demo1" name="testB" time="0.001"/>
  <testcase classname="testng.Demo1" name="testC" time="0.002"/>
  <testcase classname="testng.DataProviderClass" name="createuser" time="0.002"/>
  <testcase classname="testng.DataProviderClass" name="createuser" time="0.002"/>
  <testcase classname="testng.Sample1" name="testA" time="0.003"/>
  <testcase classname="testng.Demo_group" name="createuser" time="0.001"/>
  <testcase classname="testng.Demo_group" name="edituser" time="0.002"/>
  <testcase classname="testng.Demo_group" name="deleteuser" time="0.002"/>
  <testcase classname="testng.Sample2" name="testB" time="0.002"/>
  <testcase classname="testng.Demo2_dependsOnMethod" name="register" time="0.002"/>
  <testcase classname="testng.Demo2_dependsOnMethod" name="edited" time="0.002"/>
  <testcase classname="testng.Demo2_dependsOnMethod" name="deleted" time="0.001"/>
  <testcase classname="testng.BaseTest" name="@AfterSuite aftersuite" time="0.0">
    <ignored/>
  </testcase> <!-- @AfterSuite aftersuite -->
  <testcase classname="testng.BaseTest" name="@BeforeSuite beforesuite" time="0.0">
    <ignored/>
  </testcase> <!-- @BeforeSuite beforesuite -->
  <testcase classname="testng.BaseTest" name="@AfterTest aftertest" time="0.0">
    <ignored/>
  </testcase> <!-- @AfterTest aftertest -->
  <testcase classname="testng.SkipExecution" name="testB" time="0.0">
    <ignored/>
  </testcase> <!-- testB -->
  <testcase classname="testng.BaseTest" name="@BeforeTest beforetest" time="0.0">
    <ignored/>
  </testcase> <!-- @BeforeTest beforetest -->
</testsuite> <!-- Test -->
