<?xml version="1.0" encoding="UTF-8"?>
<testng-results ignored="0" total="1" passed="1" failed="0" skipped="0">
  <reporter-output>
    <line>
      <![CDATA[run beforesuite method...]]>
    </line>
    <line>
      <![CDATA[run beforetest method...]]>
    </line>
    <line>
      <![CDATA[run before class...]]>
    </line>
    <line>
      <![CDATA[run before method....]]>
    </line>
    <line>
      <![CDATA[run test c...]]>
    </line>
    <line>
      <![CDATA[run after method....]]>
    </line>
    <line>
      <![CDATA[run after class method...]]>
    </line>
    <line>
      <![CDATA[run aftertest method...]]>
    </line>
    <line>
      <![CDATA[run after suite method...]]>
    </line>
  </reporter-output>
  <suite started-at="2021-01-17T13:21:07 IST" name="Default suite" finished-at="2021-01-17T13:21:07 IST" duration-ms="84">
    <groups>
    </groups>
    <test started-at="2021-01-17T13:21:07 IST" name="Default test" finished-at="2021-01-17T13:21:07 IST" duration-ms="84">
      <class name="testng.Annotations_sample">
        <test-method is-config="true" signature="beforesuite()[pri:0, instance:testng.Annotations_sample@e7edb54]" started-at="2021-01-17T13:21:06 IST" name="beforesuite" finished-at="2021-01-17T13:21:07 IST" duration-ms="14" status="PASS">
          <reporter-output>
            <line>
              <![CDATA[run beforesuite method...]]>
            </line>
          </reporter-output>
        </test-method> <!-- beforesuite -->
        <test-method is-config="true" signature="beforetest()[pri:0, instance:testng.Annotations_sample@e7edb54]" started-at="2021-01-17T13:21:07 IST" name="beforetest" finished-at="2021-01-17T13:21:07 IST" duration-ms="1" status="PASS">
          <reporter-output>
            <line>
              <![CDATA[run beforetest method...]]>
            </line>
          </reporter-output>
        </test-method> <!-- beforetest -->
        <test-method is-config="true" signature="beforeclass()[pri:0, instance:testng.Annotations_sample@e7edb54]" started-at="2021-01-17T13:21:07 IST" name="beforeclass" finished-at="2021-01-17T13:21:07 IST" duration-ms="1" status="PASS">
          <reporter-output>
            <line>
              <![CDATA[run before class...]]>
            </line>
          </reporter-output>
        </test-method> <!-- beforeclass -->
        <test-method is-config="true" signature="beforemethod()[pri:0, instance:testng.Annotations_sample@e7edb54]" started-at="2021-01-17T13:21:07 IST" name="beforemethod" finished-at="2021-01-17T13:21:07 IST" duration-ms="0" status="PASS">
          <reporter-output>
            <line>
              <![CDATA[run before method....]]>
            </line>
          </reporter-output>
        </test-method> <!-- beforemethod -->
        <test-method signature="testC()[pri:0, instance:testng.Annotations_sample@e7edb54]" started-at="2021-01-17T13:21:07 IST" name="testC" finished-at="2021-01-17T13:21:07 IST" duration-ms="8" status="PASS">
          <reporter-output>
            <line>
              <![CDATA[run test c...]]>
            </line>
          </reporter-output>
        </test-method> <!-- testC -->
        <test-method is-config="true" signature="aftermethod()[pri:0, instance:testng.Annotations_sample@e7edb54]" started-at="2021-01-17T13:21:07 IST" name="aftermethod" finished-at="2021-01-17T13:21:07 IST" duration-ms="0" status="PASS">
          <reporter-output>
            <line>
              <![CDATA[run after method....]]>
            </line>
          </reporter-output>
        </test-method> <!-- aftermethod -->
        <test-method is-config="true" signature="afterclass()[pri:0, instance:testng.Annotations_sample@e7edb54]" started-at="2021-01-17T13:21:07 IST" name="afterclass" finished-at="2021-01-17T13:21:07 IST" duration-ms="1" status="PASS">
          <reporter-output>
            <line>
              <![CDATA[run after class method...]]>
            </line>
          </reporter-output>
        </test-method> <!-- afterclass -->
        <test-method is-config="true" signature="aftertest()[pri:0, instance:testng.Annotations_sample@e7edb54]" started-at="2021-01-17T13:21:07 IST" name="aftertest" finished-at="2021-01-17T13:21:07 IST" duration-ms="0" status="PASS">
          <reporter-output>
            <line>
              <![CDATA[run aftertest method...]]>
            </line>
          </reporter-output>
        </test-method> <!-- aftertest -->
        <test-method is-config="true" signature="aftersuite()[pri:0, instance:testng.Annotations_sample@e7edb54]" started-at="2021-01-17T13:21:07 IST" name="aftersuite" finished-at="2021-01-17T13:21:07 IST" duration-ms="1" status="PASS">
          <reporter-output>
            <line>
              <![CDATA[run after suite method...]]>
            </line>
          </reporter-output>
        </test-method> <!-- aftersuite -->
      </class> <!-- testng.Annotations_sample -->
    </test> <!-- Default test -->
  </suite> <!-- Default suite -->
</testng-results>
